<?xml version="1.0" encoding="UTF-8"?>
<!-- Generated by org.testng.reporters.JUnitReportReporter -->
<testsuite hostname="UNICOI-QA45L" failures="0" tests="1" name="com.testcases.TC001" time="10.893" errors="0" timestamp="2024-05-29T16:35:45 IST" skipped="0">
  <testcase classname="com.testcases.TC001" name="loginTest" time="10.893"/>
  <system-out/>
</testsuite> <!-- com.testcases.TC001 -->
