<?xml version="1.0" encoding="UTF-8"?>
<!-- Generated by org.testng.reporters.JUnitReportReporter -->
<testsuite hostname="saurabh-Inspiron-3521" failures="0" tests="1" name="com.resuource.CommonProperties" time="0.038" errors="0" timestamp="2024-05-23T15:11:21 IST" skipped="0">
  <testcase classname="com.resuource.CommonProperties" name="test" time="0.038"/>
  <system-out/>
</testsuite> <!-- com.resuource.CommonProperties -->
